?|*W?Open

--------Ver242

_set_volume

II_Play_S1_start

#START#

input @P#123456#

ACK#123456#

II_Play_S2_BT_connectOK

II_Play_S24_Select_mode

#SELECTMODE#

1.2.2.input ACK#OK#

#63

@S##

ACK#OK#

ss=63

Round Mode

QuanPu-3

#READY#

#READY#

#READY#

$3

>Beat Bird!

II_Play_S5_welcome

#ACKTION#

#ACKTION#

#ACKTION#

#ACKTION#

II_Play_S7_startword

#ACKTION#

g3

g3

#ACKTION#

#ACKTION#

g3

g3

#ACKTION#

g3

#R#5#

II_Play_s22_BT_disconnect

#RESET#

?|*W?Open

--------Ver242

_set_volume

II_Play_S1_start

#START#

input @P#123456#

ACK#123456#

II_Play_S2_BT_connectOK

II_Play_S24_Select_mode

#SELECTMODE#

1.input ACK#OK#

#63

@S##

ACK#OK#

6.ss=63

Round Mode

QuanPu-4

$3

>Beat Bird!

II_Play_S5_welcome

#ACKTION#

#ACKTION#

#ACKTION#

#ACKTION#

II_Play_S7_startword

#ACKTION#

g3

#ACKTION#

g3

#ACKTION#

g3

#ACKTION#

g3

g3

#R#5#

PLAY_Voice_Result

##63

Traning_again?

II_Play_S25_again

$5

>Beat Again!

#NEXT#

QuanPu-4

II_Play_S5_welcome

#ACKTION#

#ACKTION#

#ACKTION#

#ACKTION#

II_Play_S7_startword

#ACKTION#

g5

#ACKTION#

g5

g5

#ACKTION#

#ACKTION#

g5

#R#4#

PLAY_Voice_Result

5.5.5.5.5.5.#LOWPOWER#

II_Play_S24_Select_mode

#SELECTMODE#

#47

